<?xml version="1.0" encoding="UTF-8"?>
<!-- Generated by org.testng.reporters.JUnitReportReporter -->
<testsuite hostname="DHIRAJ" failures="0" tests="1" name="assingment.FileWriter" time="1.414" errors="0" timestamp="2024-12-16T15:21:11 IST" skipped="0">
  <testcase classname="assingment.FileWriter" name="popups" time="1.414"/>
  <system-out/>
</testsuite> <!-- assingment.FileWriter -->
