<?xml version="1.0" encoding="UTF-8"?>
<!-- Generated by org.testng.reporters.JUnitReportReporter -->
<testsuite hostname="DHIRAJ" failures="0" tests="1" name="assingment.MavenExample" time="6.852" errors="0" timestamp="2024-12-20T10:21:08 IST" skipped="0">
  <testcase classname="assingment.MavenExample" name="project" time="6.852"/>
</testsuite> <!-- assingment.MavenExample -->
