<?xml version="1.0" encoding="UTF-8"?>
<!-- Generated by org.testng.reporters.JUnitReportReporter -->
<testsuite hostname="DHIRAJ" failures="0" tests="1" name="testCase2.Instagram" time="5.176" errors="0" timestamp="2024-12-20T10:21:08 IST" skipped="0">
  <testcase classname="testCase2.Instagram" name="insta" time="5.176"/>
</testsuite> <!-- testCase2.Instagram -->
