<?xml version="1.0" encoding="UTF-8"?>
<!-- Generated by org.testng.reporters.JUnitReportReporter -->
<testsuite hostname="DHIRAJ" failures="0" tests="1" name="advSelenium.MavenExample" time="4.465" errors="0" timestamp="2024-12-15T10:46:38 IST" skipped="0">
  <testcase classname="advSelenium.MavenExample" name="project" time="4.465"/>
</testsuite> <!-- advSelenium.MavenExample -->
